[2020-02-24 09:47:42] [IMessager.java] [1] [INFO]  TEST [GSMA0001 - carina-demo - testModelSpecs] STARTED at [09:47:42 2020-02-24]
[2020-02-24 09:47:45] [DesktopFactory.java] [1] [INFO] Browser window was maximized
[2020-02-24 09:47:45] [IMessager.java] [1] [INFO] INFO: url 'https://www.gsmarena.com' is being opened...
[2020-02-24 09:47:49] [DriverListener.java] [1] [INFO] INFO: url 'https://www.gsmarena.com' is opened.
[2020-02-24 09:48:12] [HomePage.java] [1] [INFO] selecting 'Samsung' brand...
[2020-02-24 09:48:13] [HomePage.java] [1] [INFO] currentBrand: PHONE FINDER
[2020-02-24 09:48:13] [HomePage.java] [1] [INFO] currentBrand: SAMSUNG
[2020-02-24 09:48:15] [DriverListener.java] [1] [INFO] PASS: element 'SAMSUNG' is clicked.
[2020-02-24 09:48:25] [DriverListener.java] [1] [INFO] PASS: element 'modelLink' is clicked.
[2020-02-24 09:49:10] [IMessager.java] [1] [ERROR]  TEST [GSMA0001 - carina-demo - testModelSpecs] FAILED at [09:49:10 2020-02-24] - Invalid ram info! expected [12GB RAM] but found [8/12GB RAM]

org.testng.Assert.fail(Assert.java:96)
org.testng.Assert.failNotEquals(Assert.java:776)
org.testng.Assert.assertEqualsImpl(Assert.java:137)
org.testng.Assert.assertEquals(Assert.java:118)
org.testng.Assert.assertEquals(Assert.java:453)
com.qaprosoft.carina.demo.WebSampleTest.testModelSpecs(WebSampleTest.java:70)
sun.reflect.NativeMethodAccessorImpl.invoke0(Native Method)
sun.reflect.NativeMethodAccessorImpl.invoke(NativeMethodAccessorImpl.java:62)
sun.reflect.DelegatingMethodAccessorImpl.invoke(DelegatingMethodAccessorImpl.java:43)
java.lang.reflect.Method.invoke(Method.java:498)
org.testng.internal.MethodInvocationHelper.invokeMethod(MethodInvocationHelper.java:124)
org.testng.internal.Invoker.invokeMethod(Invoker.java:583)
org.testng.internal.Invoker.invokeTestMethod(Invoker.java:719)
org.testng.internal.Invoker.invokeTestMethods(Invoker.java:989)
org.testng.internal.TestMethodWorker.invokeTestMethods(TestMethodWorker.java:125)
org.testng.internal.TestMethodWorker.run(TestMethodWorker.java:109)
org.testng.TestRunner.privateRun(TestRunner.java:648)
org.testng.TestRunner.run(TestRunner.java:505)
org.testng.SuiteRunner.runTest(SuiteRunner.java:455)
org.testng.SuiteRunner.runSequentially(SuiteRunner.java:450)
org.testng.SuiteRunner.privateRun(SuiteRunner.java:415)
org.testng.SuiteRunner.run(SuiteRunner.java:364)
org.testng.SuiteRunnerWorker.runSuite(SuiteRunnerWorker.java:52)
org.testng.SuiteRunnerWorker.run(SuiteRunnerWorker.java:84)
org.testng.TestNG.runSuitesSequentially(TestNG.java:1208)
org.testng.TestNG.runSuitesLocally(TestNG.java:1137)
org.testng.TestNG.runSuites(TestNG.java:1049)
org.testng.TestNG.run(TestNG.java:1017)
com.intellij.rt.testng.IDEARemoteTestNG.run(IDEARemoteTestNG.java:66)
com.intellij.rt.testng.RemoteTestNGStarter.main(RemoteTestNGStarter.java:110)
